<?xml version="1.0" encoding="UTF-8"?>
<testsuite name="com.example.ateliereducatif.service.RecitationServiceTest" tests="1" skipped="0" failures="0" errors="0" timestamp="2022-05-19T18:20:47" hostname="DESKTOP-CD3MRFM" time="6.304">
  <properties/>
  <testcase name="testListe" classname="com.example.ateliereducatif.service.RecitationServiceTest" time="6.304"/>
  <system-out><![CDATA[Request{method=GET, url=https://www.youtube.com/oembed?url=http://www.youtube.com/watch?v=qNhIcfszeDQ, tag=null}
Alouette, gentille alouette - Comptine avec gestes pour enfants et bébés (avec les paroles)
Request{method=GET, url=https://www.youtube.com/oembed?url=http://www.youtube.com/watch?v=1kq88XtHOEA, tag=null}
Vole, vole, vole papillon - Comptine avec gestes pour enfants et bébés (avec les paroles)
Request{method=GET, url=https://www.youtube.com/oembed?url=http://www.youtube.com/watch?v=iLvVZny4HzQ, tag=null}
Sur le pont d'Avignon (chanson avec paroles)
Request{method=GET, url=https://www.youtube.com/oembed?url=http://www.youtube.com/watch?v=kCLE_Wvl5wM, tag=null}
Un kilomètre à pied, ça use les souliers.
Request{method=GET, url=https://www.youtube.com/oembed?url=http://www.youtube.com/watch?v=IYLTc3tGdzc, tag=null}
Au clair de la lune
Request{method=GET, url=https://www.youtube.com/oembed?url=http://www.youtube.com/watch?v=xVw74cHnxig, tag=null}
Cadet Rousselle
Request{method=GET, url=https://www.youtube.com/oembed?url=http://www.youtube.com/watch?v=owVJ7ppTwPg, tag=null}
J'aime la galette
]]></system-out>
  <system-err><![CDATA[]]></system-err>
</testsuite>
